C51 COMPILER V9.50a   L2Q1                                                                 06/14/2019 19:37:26 PAGE 1   


C51 COMPILER V9.50a, COMPILATION OF MODULE L2Q1
OBJECT MODULE PLACED IN L2Q1.OBJ
COMPILER INVOKED BY: C:\Keil\C51\BIN\C51.EXE L2Q1.c BROWSE DEBUG OBJECTEXTEND TABS(2)

line level    source

   1          #include<reg51.h>
   2          
   3          d[10]={0x3F,0x06,0x5B,0x4F,0x66,0x6D,0x7D,0x07,0x7F,0x6F};
   4          
   5          void delay(int ms)
   6          {
   7   1          int i,j;
   8   1          for (i = 0; i < ms; i++)
   9   1              for (j = 0; j < 100; j++);
  10   1      }
  11          
  12          void main()
  13          {
  14   1        int c=0;
  15   1        P2 = 8;
  16   1        
  17   1        while(1)
  18   1          for(c=0;c<10;c++)
  19   1          {
  20   2            P0 = d[c];
  21   2            delay(1000);
  22   2          } 
  23   1          
  24   1      }


MODULE INFORMATION:   STATIC OVERLAYABLE
   CODE SIZE        =     76    ----
   CONSTANT SIZE    =   ----    ----
   XDATA SIZE       =   ----    ----
   PDATA SIZE       =   ----    ----
   DATA SIZE        =     20    ----
   IDATA SIZE       =   ----    ----
   BIT SIZE         =   ----    ----
END OF MODULE INFORMATION.


C51 COMPILATION COMPLETE.  0 WARNING(S),  0 ERROR(S)
