C51 COMPILER V9.50a   L2Q2                                                                 06/14/2019 19:38:51 PAGE 1   


C51 COMPILER V9.50a, COMPILATION OF MODULE L2Q2
OBJECT MODULE PLACED IN L2Q2.OBJ
COMPILER INVOKED BY: C:\Keil\C51\BIN\C51.EXE L2Q2.c BROWSE DEBUG OBJECTEXTEND TABS(2)

line level    source

   1          #include<reg51.h>
   2          #define POV 60 //Persistence Of Vision
   3          #define DELAY 5
   4          
   5          d[10]={0x3F,0x06,0x5B,0x4F,0x66,0x6D,0x7D,0x07,0x7F,0x6F};
   6          
   7          void delay(int ms)
   8          {
   9   1          int i,j;
  10   1          for (i = 0; i < ms; i++)
  11   1              for (j = 0; j < 100; j++);
  12   1      }
  13          
  14          void disp(int x)
  15          {
  16   1        int i;
  17   1        for (i = 0; i < DELAY; i++)
  18   1        {
  19   2          P0 = d[x/10];
  20   2          P2 = 4;
  21   2          delay(POV);
  22   2          
  23   2          P0 = d[x%10];
  24   2          P2 = 8;
  25   2          delay(POV);
  26   2        }
  27   1      }
  28          
  29          void main()
  30          {
  31   1        int c=0;
  32   1        P0 = 0;
  33   1        
  34   1        while(1)
  35   1          for(c=1;c<100;c++)
  36   1            disp(c);
  37   1      }


MODULE INFORMATION:   STATIC OVERLAYABLE
   CODE SIZE        =    153    ----
   CONSTANT SIZE    =   ----    ----
   XDATA SIZE       =   ----    ----
   PDATA SIZE       =   ----    ----
   DATA SIZE        =     20       4
   IDATA SIZE       =   ----    ----
   BIT SIZE         =   ----    ----
END OF MODULE INFORMATION.


C51 COMPILATION COMPLETE.  0 WARNING(S),  0 ERROR(S)
